15:16:42.496 [da-ui-backend-akka.actor.default-dispatcher-3] INFO  akka.event.slf4j.Slf4jLogger - Slf4jLogger started 
15:16:42.627 [da-ui-backend-akka.actor.default-dispatcher-7] INFO  c.d.n.store.platform.PlatformStore - Connecting to localhost:6865, using a plaintext connection sourceThread=da-ui-backend-akka.actor.default-dispatcher-3, akkaSource=akka://da-ui-backend/user/$a, sourceActorSystem=da-ui-backend, akkaTimestamp=09:46:42.622UTC
15:16:43.385 [main] INFO  c.d.navigator.NavigatorBackend$ - DA UI backend server listening on port 7500 
15:16:43.524 [da-ui-backend-akka.actor.default-dispatcher-3] INFO  c.d.n.store.platform.PlatformStore - Time service is available, platform time is 1970-01-01T00:00:00Z sourceThread=scala-execution-context-global-14, akkaSource=akka://da-ui-backend/user/$a, sourceActorSystem=da-ui-backend, akkaTimestamp=09:46:43.524UTC
15:16:43.527 [da-ui-backend-akka.actor.default-dispatcher-3] INFO  c.d.n.store.platform.PlatformStore - Connected to platform at 'localhost:6865' sourceThread=scala-execution-context-global-13, akkaTimestamp=09:46:43.527UTC, akkaSource=akka://da-ui-backend/user/$a, sourceActorSystem=da-ui-backend
15:16:44.949 [da-ui-backend-akka.actor.default-dispatcher-9] INFO  c.d.n.s.platform.PlatformSubscriber - Successfully loaded packages [7f1d1cc5342a54361d5be947329e87b6bf0a8f6b90d001080e36656d681e1c04, 0df561c71f6575c5571c002343632060c55c73226b6d42b694afd92c24867d18, ce909f848477104ac487c187bd43f770ff71f8fbcbcb96c46f01cca856a6767c] sourceThread=da-ui-backend-akka.actor.default-dispatcher-7, akkaSource=akka://da-ui-backend/user/$a/party-BSE, sourceActorSystem=da-ui-backend, akkaTimestamp=09:46:44.949UTC
15:16:44.956 [da-ui-backend-akka.actor.default-dispatcher-9] INFO  c.d.n.s.platform.PlatformSubscriber - Successfully loaded packages [7f1d1cc5342a54361d5be947329e87b6bf0a8f6b90d001080e36656d681e1c04, 0df561c71f6575c5571c002343632060c55c73226b6d42b694afd92c24867d18, ce909f848477104ac487c187bd43f770ff71f8fbcbcb96c46f01cca856a6767c] sourceThread=da-ui-backend-akka.actor.default-dispatcher-6, akkaTimestamp=09:46:44.952UTC, akkaSource=akka://da-ui-backend/user/$a/party-IRFAN, sourceActorSystem=da-ui-backend
15:16:45.034 [da-ui-backend-akka.actor.default-dispatcher-9] INFO  c.d.n.s.platform.PlatformSubscriber - Successfully loaded packages [7f1d1cc5342a54361d5be947329e87b6bf0a8f6b90d001080e36656d681e1c04, 0df561c71f6575c5571c002343632060c55c73226b6d42b694afd92c24867d18, ce909f848477104ac487c187bd43f770ff71f8fbcbcb96c46f01cca856a6767c] sourceThread=da-ui-backend-akka.actor.default-dispatcher-5, akkaTimestamp=09:46:45.033UTC, akkaSource=akka://da-ui-backend/user/$a/party-NSE, sourceActorSystem=da-ui-backend
15:16:45.041 [da-ui-backend-akka.actor.default-dispatcher-9] INFO  c.d.n.s.platform.PlatformSubscriber - Successfully loaded packages [7f1d1cc5342a54361d5be947329e87b6bf0a8f6b90d001080e36656d681e1c04, 0df561c71f6575c5571c002343632060c55c73226b6d42b694afd92c24867d18, ce909f848477104ac487c187bd43f770ff71f8fbcbcb96c46f01cca856a6767c] sourceThread=da-ui-backend-akka.actor.default-dispatcher-10, akkaTimestamp=09:46:45.040UTC, akkaSource=akka://da-ui-backend/user/$a/party-ZERODHA, sourceActorSystem=da-ui-backend
15:16:45.045 [da-ui-backend-akka.actor.default-dispatcher-9] INFO  c.d.n.s.platform.PlatformSubscriber - Successfully loaded packages [7f1d1cc5342a54361d5be947329e87b6bf0a8f6b90d001080e36656d681e1c04, 0df561c71f6575c5571c002343632060c55c73226b6d42b694afd92c24867d18, ce909f848477104ac487c187bd43f770ff71f8fbcbcb96c46f01cca856a6767c] sourceThread=da-ui-backend-akka.actor.default-dispatcher-4, akkaTimestamp=09:46:45.045UTC, akkaSource=akka://da-ui-backend/user/$a/party-SEBI, sourceActorSystem=da-ui-backend
15:16:45.056 [da-ui-backend-akka.actor.default-dispatcher-4] INFO  c.d.n.s.platform.PlatformSubscriber - Successfully loaded packages [7f1d1cc5342a54361d5be947329e87b6bf0a8f6b90d001080e36656d681e1c04, 0df561c71f6575c5571c002343632060c55c73226b6d42b694afd92c24867d18, ce909f848477104ac487c187bd43f770ff71f8fbcbcb96c46f01cca856a6767c] sourceThread=da-ui-backend-akka.actor.default-dispatcher-14, akkaSource=akka://da-ui-backend/user/$a/party-NARESH, sourceActorSystem=da-ui-backend, akkaTimestamp=09:46:45.056UTC
15:16:45.073 [da-ui-backend-akka.actor.default-dispatcher-9] INFO  c.d.n.s.platform.PlatformSubscriber - Successfully loaded packages [7f1d1cc5342a54361d5be947329e87b6bf0a8f6b90d001080e36656d681e1c04, 0df561c71f6575c5571c002343632060c55c73226b6d42b694afd92c24867d18, ce909f848477104ac487c187bd43f770ff71f8fbcbcb96c46f01cca856a6767c] sourceThread=da-ui-backend-akka.actor.default-dispatcher-2, akkaTimestamp=09:46:45.072UTC, akkaSource=akka://da-ui-backend/user/$a/party-SHAREKHAN, sourceActorSystem=da-ui-backend
15:16:45.077 [da-ui-backend-akka.actor.default-dispatcher-9] INFO  c.d.n.s.platform.PlatformSubscriber - Successfully loaded packages [7f1d1cc5342a54361d5be947329e87b6bf0a8f6b90d001080e36656d681e1c04, 0df561c71f6575c5571c002343632060c55c73226b6d42b694afd92c24867d18, ce909f848477104ac487c187bd43f770ff71f8fbcbcb96c46f01cca856a6767c] sourceThread=da-ui-backend-akka.actor.default-dispatcher-3, akkaTimestamp=09:46:45.077UTC, akkaSource=akka://da-ui-backend/user/$a/party-LIC_INDIA, sourceActorSystem=da-ui-backend
15:17:19.948 [da-ui-backend-akka.actor.default-dispatcher-16] INFO  c.d.n.s.platform.PlatformSubscriber - Command '8fdec1d0b7555719' completed successfully. sourceThread=da-ui-backend-akka.actor.default-dispatcher-11, akkaSource=akka://da-ui-backend/user/$a/party-SHAREKHAN, sourceActorSystem=da-ui-backend, akkaTimestamp=09:47:19.947UTC
15:17:28.264 [da-ui-backend-akka.actor.default-dispatcher-11] INFO  c.d.n.s.platform.PlatformSubscriber - Command '2e3f68fe1780b8e6' completed successfully. sourceThread=da-ui-backend-akka.actor.default-dispatcher-11, akkaSource=akka://da-ui-backend/user/$a/party-SHAREKHAN, sourceActorSystem=da-ui-backend, akkaTimestamp=09:47:28.263UTC
15:17:29.844 [da-ui-backend-akka.actor.default-dispatcher-7] INFO  c.d.navigator.NavigatorBackend$ - Logged out user 'SHAREKHAN' 
15:17:32.914 [da-ui-backend-akka.actor.default-dispatcher-4] INFO  c.d.navigator.NavigatorBackend$ - Logged out user 'NARESH' 
15:17:36.732 [da-ui-backend-akka.actor.default-dispatcher-5] INFO  c.d.n.s.platform.PlatformSubscriber - Command 'c49c070c68232b93' completed successfully. sourceThread=da-ui-backend-akka.actor.default-dispatcher-11, akkaSource=akka://da-ui-backend/user/$a/party-IRFAN, sourceActorSystem=da-ui-backend, akkaTimestamp=09:47:36.732UTC
15:17:42.688 [da-ui-backend-akka.actor.default-dispatcher-7] INFO  c.d.navigator.NavigatorBackend$ - Logged out user 'IRFAN' 
15:18:07.166 [da-ui-backend-akka.actor.default-dispatcher-7] INFO  c.d.n.s.platform.PlatformSubscriber - Command '17c86d2f077fbe7f' completed successfully. sourceThread=da-ui-backend-akka.actor.default-dispatcher-16, akkaSource=akka://da-ui-backend/user/$a/party-SHAREKHAN, sourceActorSystem=da-ui-backend, akkaTimestamp=09:48:07.165UTC
15:18:09.474 [da-ui-backend-akka.actor.default-dispatcher-4] INFO  c.d.navigator.NavigatorBackend$ - Logged out user 'SHAREKHAN' 
15:18:17.788 [da-ui-backend-akka.actor.default-dispatcher-11] INFO  c.d.n.s.platform.PlatformSubscriber - Command 'a9875cf2c0c8ba27' completed successfully. sourceThread=da-ui-backend-akka.actor.default-dispatcher-5, akkaTimestamp=09:48:17.787UTC, akkaSource=akka://da-ui-backend/user/$a/party-NSE, sourceActorSystem=da-ui-backend
15:18:25.447 [da-ui-backend-akka.actor.default-dispatcher-16] INFO  c.d.navigator.NavigatorBackend$ - Logged out user 'NSE' 
15:18:30.275 [da-ui-backend-akka.actor.default-dispatcher-16] INFO  c.d.n.s.platform.PlatformSubscriber - Command '3449292b8ed55631' completed successfully. sourceThread=da-ui-backend-akka.actor.default-dispatcher-4, akkaSource=akka://da-ui-backend/user/$a/party-SHAREKHAN, sourceActorSystem=da-ui-backend, akkaTimestamp=09:48:30.274UTC
15:18:38.632 [da-ui-backend-akka.actor.default-dispatcher-7] INFO  c.d.navigator.NavigatorBackend$ - Logged out user 'SHAREKHAN' 
15:19:01.472 [da-ui-backend-akka.actor.default-dispatcher-5] INFO  c.d.n.s.platform.PlatformSubscriber - Command 'e380ead34b72268c' completed successfully. sourceThread=da-ui-backend-akka.actor.default-dispatcher-7, akkaTimestamp=09:49:01.472UTC, akkaSource=akka://da-ui-backend/user/$a/party-IRFAN, sourceActorSystem=da-ui-backend
15:19:03.232 [da-ui-backend-akka.actor.default-dispatcher-7] INFO  c.d.navigator.NavigatorBackend$ - Logged out user 'IRFAN' 
15:19:11.369 [da-ui-backend-akka.actor.default-dispatcher-11] INFO  c.d.navigator.NavigatorBackend$ - Logged out user 'IRFAN' 
15:19:23.029 [da-ui-backend-akka.actor.default-dispatcher-4] INFO  c.d.n.s.platform.PlatformSubscriber - Command '58e421139b2ccb8e' completed with status 'CommandStatusError(INVALID_ARGUMENT,Command interpretation error in LF-DAMLe: The following errors occured: node NodeId(0) (Identifier(7f1d1cc5342a54361d5be947329e87b6bf0a8f6b90d001080e36656d681e1c04,DA.Tectoro.C2BTrade:Trade)) requires controllers: NSE, but only SHAREKHAN were given. Details: N/A.)'. sourceThread=da-ui-backend-akka.actor.default-dispatcher-4, akkaSource=akka://da-ui-backend/user/$a/party-SHAREKHAN, sourceActorSystem=da-ui-backend, akkaTimestamp=09:49:23.028UTC
15:19:25.401 [da-ui-backend-akka.actor.default-dispatcher-16] INFO  c.d.navigator.NavigatorBackend$ - Logged out user 'SHAREKHAN' 
15:19:34.303 [da-ui-backend-akka.actor.default-dispatcher-4] INFO  c.d.n.s.platform.PlatformSubscriber - Command '465f8bd4c12ca474' completed with status 'CommandStatusError(INVALID_ARGUMENT,Command interpretation error in LF-DAMLe: The following errors occured: node NodeId(0) (Identifier(7f1d1cc5342a54361d5be947329e87b6bf0a8f6b90d001080e36656d681e1c04,DA.Tectoro.C2BTrade:Trade)) requires controllers: NSE, but only IRFAN were given. Details: N/A.)'. sourceThread=da-ui-backend-akka.actor.default-dispatcher-5, akkaTimestamp=09:49:34.303UTC, akkaSource=akka://da-ui-backend/user/$a/party-IRFAN, sourceActorSystem=da-ui-backend
15:19:36.064 [da-ui-backend-akka.actor.default-dispatcher-16] INFO  c.d.navigator.NavigatorBackend$ - Logged out user 'IRFAN' 
15:19:49.933 [da-ui-backend-akka.actor.default-dispatcher-4] INFO  c.d.n.s.platform.PlatformSubscriber - Command '620a627dc658c8b6' completed successfully. sourceThread=da-ui-backend-akka.actor.default-dispatcher-4, akkaTimestamp=09:49:49.933UTC, akkaSource=akka://da-ui-backend/user/$a/party-NSE, sourceActorSystem=da-ui-backend
15:19:55.325 [da-ui-backend-akka.actor.default-dispatcher-5] INFO  c.d.navigator.NavigatorBackend$ - Logged out user 'NSE' 
15:20:57.441 [da-ui-backend-akka.actor.default-dispatcher-4] INFO  c.d.navigator.NavigatorBackend$ - Logged out user 'SHAREKHAN' 
15:21:16.586 [da-ui-backend-akka.actor.default-dispatcher-7] INFO  c.d.n.s.platform.PlatformSubscriber - Command '396744c8c6d4b402' completed successfully. sourceThread=da-ui-backend-akka.actor.default-dispatcher-5, akkaSource=akka://da-ui-backend/user/$a/party-ZERODHA, sourceActorSystem=da-ui-backend, akkaTimestamp=09:51:16.586UTC
15:21:18.606 [da-ui-backend-akka.actor.default-dispatcher-7] INFO  c.d.navigator.NavigatorBackend$ - Logged out user 'ZERODHA' 
15:21:27.345 [da-ui-backend-akka.actor.default-dispatcher-7] INFO  c.d.n.s.platform.PlatformSubscriber - Command '22b79e15de6a9e8' completed successfully. sourceThread=da-ui-backend-akka.actor.default-dispatcher-11, akkaSource=akka://da-ui-backend/user/$a/party-BSE, sourceActorSystem=da-ui-backend, akkaTimestamp=09:51:27.345UTC
15:21:29.511 [da-ui-backend-akka.actor.default-dispatcher-4] INFO  c.d.navigator.NavigatorBackend$ - Logged out user 'BSE' 
15:21:46.801 [da-ui-backend-akka.actor.default-dispatcher-7] INFO  c.d.n.s.platform.PlatformSubscriber - Command 'b28ad22431473178' completed successfully. sourceThread=da-ui-backend-akka.actor.default-dispatcher-5, akkaTimestamp=09:51:46.801UTC, akkaSource=akka://da-ui-backend/user/$a/party-ZERODHA, sourceActorSystem=da-ui-backend
15:21:54.576 [da-ui-backend-akka.actor.default-dispatcher-11] INFO  c.d.n.s.platform.PlatformSubscriber - Command '70a4da35b95af65b' completed successfully. sourceThread=da-ui-backend-akka.actor.default-dispatcher-5, akkaSource=akka://da-ui-backend/user/$a/party-ZERODHA, sourceActorSystem=da-ui-backend, akkaTimestamp=09:51:54.576UTC
15:21:56.199 [da-ui-backend-akka.actor.default-dispatcher-11] INFO  c.d.navigator.NavigatorBackend$ - Logged out user 'ZERODHA' 
15:22:00.156 [da-ui-backend-akka.actor.default-dispatcher-7] INFO  c.d.n.s.platform.PlatformSubscriber - Command '7e29924c20672c35' completed successfully. sourceThread=da-ui-backend-akka.actor.default-dispatcher-7, akkaTimestamp=09:52:00.155UTC, akkaSource=akka://da-ui-backend/user/$a/party-NARESH, sourceActorSystem=da-ui-backend
15:22:19.449 [da-ui-backend-akka.actor.default-dispatcher-5] INFO  c.d.n.s.platform.PlatformSubscriber - Command 'eb4d9adab57c124f' completed successfully. sourceThread=da-ui-backend-akka.actor.default-dispatcher-4, akkaSource=akka://da-ui-backend/user/$a/party-NARESH, sourceActorSystem=da-ui-backend, akkaTimestamp=09:52:19.447UTC
15:22:25.238 [da-ui-backend-akka.actor.default-dispatcher-9] INFO  c.d.navigator.NavigatorBackend$ - Logged out user 'NARESH' 
15:22:35.130 [da-ui-backend-akka.actor.default-dispatcher-9] INFO  c.d.navigator.NavigatorBackend$ - Logged out user 'ZERODHA' 
15:22:46.412 [da-ui-backend-akka.actor.default-dispatcher-11] INFO  c.d.n.s.platform.PlatformSubscriber - Command '5c4b50125335b8dd' completed successfully. sourceThread=da-ui-backend-akka.actor.default-dispatcher-9, akkaSource=akka://da-ui-backend/user/$a/party-BSE, sourceActorSystem=da-ui-backend, akkaTimestamp=09:52:46.412UTC
15:22:49.597 [da-ui-backend-akka.actor.default-dispatcher-7] INFO  c.d.navigator.NavigatorBackend$ - Logged out user 'BSE' 
